<?xml version="1.0" encoding="UTF-8"?>
<!-- Generated by org.testng.reporters.JUnitReportReporter -->
<testsuite hostname="DESKTOP-8DPVRQ3" failures="0" tests="2" name="com.jxl.write.Runner" time="0.148" errors="0" timestamp="2021-11-10T17:47:55 IST" skipped="0">
  <testcase classname="com.jxl.write.Runner" name="writeDepartmentsToExcel" time="0.121"/>
  <system-out/>
  <testcase classname="com.jxl.write.Runner" name="writeNamesToExcel" time="0.027"/>
  <system-out/>
</testsuite> <!-- com.jxl.write.Runner -->
