<?xml version="1.0" encoding="UTF-8"?>
<!-- Generated by org.testng.reporters.JUnitReportReporter -->
<testsuite hostname="DESKTOP-8DPVRQ3" failures="0" tests="2" name="com.jxl.write.Runner" time="0.123" errors="0" timestamp="2021-11-09T18:28:20 IST" skipped="0">
  <testcase classname="com.jxl.write.Runner" name="openBrowser" time="0.122"/>
  <system-out/>
  <testcase classname="com.jxl.write.Runner" name="writeNamesToExcel" time="0.001"/>
  <system-out/>
</testsuite> <!-- com.jxl.write.Runner -->
