<?xml version="1.0" encoding="UTF-8"?>
<!-- Generated by org.testng.reporters.JUnitReportReporter -->
<testsuite hostname="DESKTOP-8DPVRQ3" failures="0" tests="1" name="com.jxl.write.Runner" time="0.111" errors="0" timestamp="2021-11-06T17:11:56 IST" skipped="0">
  <testcase classname="com.jxl.write.Runner" name="openBrowser" time="0.111"/>
  <system-out/>
</testsuite> <!-- com.jxl.write.Runner -->
