<?xml version="1.0" encoding="UTF-8"?>
<!-- Generated by org.testng.reporters.JUnitReportReporter -->
<testsuite hostname="DESKTOP-8DPVRQ3" failures="0" tests="1" name="com.jxl.write.Runner" time="13.168" errors="0" timestamp="2021-10-29T13:22:44 IST" skipped="0">
  <testcase classname="com.jxl.write.Runner" name="openBrowser" time="13.168"/>
  <system-out/>
</testsuite> <!-- com.jxl.write.Runner -->
